ïŧŋLoading models into memory...
Loading MobileNet V3 Small...
Loading MTCNN and InceptionResnetV1...
Loading Faster R-CNN (MobileNet V3 Large 320 FPN)...
Loading EasyOCR...
Loading YOLOv8n-pose...
All models loaded successfully!
Cleaning up models...
conda : INFO:     Started server process [13848]
At line:1 char:1
+ conda run -n prj1 uvicorn main:app --host 0.0.0.0 --port 8000 > serve ...
+ ~~~~~~~~~~~~~~~~~~~~~~~~~~~~~~~~~~~~~~~~~~~~~~~~~~~~~~~~~~~~~~~~~~~~~
    + CategoryInfo          : NotSpecified: (INFO:     Started server process [13848]:String) [], RemoteException
    + FullyQualifiedErrorId : NativeCommandError
 
INFO:     Waiting for application startup.
Using CPU. Note: This module is much faster with a GPU.
INFO:     Application startup complete.
ERROR:    [Errno 10048] error while attempting to bind on address ('0.0.0.0', 8000): [winerror 10048] ïŋ―\ufffd \ufffdïŋ―ïŋ―ïŋ―
\ufffd ėĢžė(\ufffdïŋ―ïŋ―ëĄí ïŋ―\ufffd/\ufffdïŋ―ïŋ―\ufffdïŋ―ïŋ―\ufffdïŋ―ïŋ―\ufffdïŋ―ïŋ― ėĢžė/\ufffdïŋ―ïŋ―\ufffdïŋ―ïŋ―)\ufffdïŋ―ïŋ― \ufffdïŋ―ïŋ―\ufffdïŋ―ïŋ―ïŋ―\ufffd \ufff
dïŋ―ïŋ―\ufffdïŋ―ïŋ―\ufffdïŋ―ïŋ― \ufffdïŋ―ïŋ― \ufffdïŋ―ïŋ―\ufffdïŋ―ïŋ―\ufffdïŋ―ïŋ―\ufffdïŋ―ïŋ―
INFO:     Waiting for application shutdown.
INFO:     Application shutdown complete.
ERROR conda.cli.main_run:execute(142): `conda run uvicorn main:app --host 0.0.0.0 --port 8000` failed. (See above for e
rror)
